Oct 8, 2010 4:40:49 PM org.apache.catalina.core.AprLifecycleListener init
INFO: The APR based Apache Tomcat Native library which allows optimal performance in production environments was not found on the java.library.path: C:\opensource\jdk1.6.0_14\bin;.;C:\WINDOWS\Sun\Java\bin;C:\WINDOWS\system32;C:\WINDOWS;C:\Program Files\Common Files\NetSarang;C:\WINDOWS\system32;C:\WINDOWS;C:\WINDOWS\System32\Wbem;C:\Program Files\Windows Imaging\;C:\opensource\apache-ant-1.7.0;C:\Program Files\TortoiseSVN\bin;C:\opensource\jdk1.6.0_14\bin;C:\Documents and Settings\amit.dixit\Desktop\tools
Oct 8, 2010 4:40:49 PM org.apache.coyote.http11.Http11Protocol init
INFO: Initializing Coyote HTTP/1.1 on http-8083
Oct 8, 2010 4:40:49 PM org.apache.catalina.startup.Catalina load
INFO: Initialization processed in 1444 ms
Oct 8, 2010 4:40:49 PM org.apache.catalina.core.StandardService start
INFO: Starting service Catalina
Oct 8, 2010 4:40:49 PM org.apache.catalina.core.StandardEngine start
INFO: Starting Servlet Engine: Apache Tomcat/6.0.16
Oct 8, 2010 4:40:49 PM org.apache.catalina.ha.tcp.SimpleTcpCluster start
INFO: Cluster is about to start
Oct 8, 2010 4:40:49 PM org.apache.catalina.tribes.transport.ReceiverBase bind
INFO: Receiver Server Socket bound to:/192.168.148.85:4001
Oct 8, 2010 4:40:49 PM org.apache.catalina.tribes.membership.McastServiceImpl setupSocket
INFO: Setting cluster mcast soTimeout to 500
Oct 8, 2010 4:40:49 PM org.apache.catalina.tribes.membership.McastServiceImpl waitForMembers
INFO: Sleeping for 1000 milliseconds to establish cluster membership, start level:4
Oct 8, 2010 4:40:50 PM org.apache.catalina.ha.tcp.SimpleTcpCluster memberAdded
INFO: Replication member added:org.apache.catalina.tribes.membership.MemberImpl[tcp://{-64, -88, -108, 85}:4000,{-64, -88, -108, 85},4000, alive=5550,id={-102 -111 -87 -72 53 -16 73 6 -75 -40 102 117 -39 82 84 -61 }, payload={}, command={}, domain={}, ]
Oct 8, 2010 4:40:50 PM org.apache.catalina.tribes.membership.McastServiceImpl waitForMembers
INFO: Done sleeping, membership established, start level:4
Oct 8, 2010 4:40:50 PM org.apache.catalina.tribes.membership.McastServiceImpl waitForMembers
INFO: Sleeping for 1000 milliseconds to establish cluster membership, start level:8
Oct 8, 2010 4:40:50 PM org.apache.catalina.tribes.io.BufferPool getBufferPool
INFO: Created a buffer pool with max size:104857600 bytes of type:org.apache.catalina.tribes.io.BufferPool15Impl
Oct 8, 2010 4:40:51 PM org.apache.catalina.tribes.membership.McastServiceImpl waitForMembers
INFO: Done sleeping, membership established, start level:8
Oct 8, 2010 4:40:52 PM org.apache.catalina.ha.session.DeltaManager start
INFO: Register manager /cluster to cluster element Engine with name Catalina
Oct 8, 2010 4:40:52 PM org.apache.catalina.ha.session.DeltaManager start
INFO: Starting clustering manager at /cluster
Oct 8, 2010 4:40:52 PM org.apache.catalina.ha.session.DeltaManager getAllClusterSessions
WARNING: Manager [localhost#/cluster], requesting session state from org.apache.catalina.tribes.membership.MemberImpl[tcp://{-64, -88, -108, 85}:4000,{-64, -88, -108, 85},4000, alive=8060,id={-102 -111 -87 -72 53 -16 73 6 -75 -40 102 117 -39 82 84 -61 }, payload={}, command={}, domain={}, ]. This operation will timeout if no session state has been received within 60 seconds.
Oct 8, 2010 4:40:53 PM org.apache.catalina.ha.session.DeltaManager waitForSendAllSessions
INFO: Manager [localhost#/cluster]; session state send at 10/8/10 4:40 PM received in 312 ms.
Oct 8, 2010 4:40:53 PM org.apache.catalina.ha.session.JvmRouteBinderValve start
INFO: JvmRouteBinderValve started
Oct 8, 2010 4:40:53 PM org.apache.coyote.http11.Http11Protocol start
INFO: Starting Coyote HTTP/1.1 on http-8083
Oct 8, 2010 4:40:53 PM org.apache.jk.common.ChannelSocket init
INFO: JK: ajp13 listening on /0.0.0.0:8309
Oct 8, 2010 4:40:53 PM org.apache.jk.server.JkMain start
INFO: Jk running ID=0 time=0/140  config=null
Oct 8, 2010 4:40:53 PM org.apache.catalina.startup.Catalina start
INFO: Server startup in 4187 ms
Oct 8, 2010 4:40:56 PM org.apache.catalina.ha.tcp.SimpleTcpCluster memberAdded
INFO: Replication member added:org.apache.catalina.tribes.membership.MemberImpl[tcp://{-64, -88, -108, 85}:4002,{-64, -88, -108, 85},4002, alive=998,id={41 76 -99 -59 -116 -52 67 56 -126 80 117 6 65 -79 36 58 }, payload={}, command={}, domain={}, ]
Oct 8, 2010 4:54:50 PM org.apache.coyote.http11.Http11Protocol pause
INFO: Pausing Coyote HTTP/1.1 on http-8083
Oct 8, 2010 4:54:51 PM org.apache.catalina.core.StandardService stop
INFO: Stopping service Catalina
Oct 8, 2010 4:54:51 PM org.apache.catalina.ha.session.JvmRouteBinderValve stop
INFO: JvmRouteBinderValve stopped
Oct 8, 2010 4:54:51 PM org.apache.catalina.ha.session.DeltaManager stop
INFO: Manager [localhost#/cluster] expiring sessions upon shutdown
Oct 8, 2010 4:54:51 PM org.apache.coyote.http11.Http11Protocol destroy
INFO: Stopping Coyote HTTP/1.1 on http-8083
Oct 8, 2010 4:58:51 PM org.apache.catalina.core.AprLifecycleListener init
INFO: The APR based Apache Tomcat Native library which allows optimal performance in production environments was not found on the java.library.path: C:\opensource\jdk1.6.0_14\bin;.;C:\WINDOWS\Sun\Java\bin;C:\WINDOWS\system32;C:\WINDOWS;C:\Program Files\Common Files\NetSarang;C:\WINDOWS\system32;C:\WINDOWS;C:\WINDOWS\System32\Wbem;C:\Program Files\Windows Imaging\;C:\opensource\apache-ant-1.7.0;C:\Program Files\TortoiseSVN\bin;C:\opensource\jdk1.6.0_14\bin;C:\Documents and Settings\amit.dixit\Desktop\tools
Oct 8, 2010 4:58:51 PM org.apache.coyote.http11.Http11Protocol init
INFO: Initializing Coyote HTTP/1.1 on http-8083
Oct 8, 2010 4:58:51 PM org.apache.catalina.startup.Catalina load
INFO: Initialization processed in 645 ms
Oct 8, 2010 4:58:51 PM org.apache.catalina.core.StandardService start
INFO: Starting service Catalina
Oct 8, 2010 4:58:51 PM org.apache.catalina.core.StandardEngine start
INFO: Starting Servlet Engine: Apache Tomcat/6.0.16
Oct 8, 2010 4:58:51 PM org.apache.catalina.ha.tcp.SimpleTcpCluster start
INFO: Cluster is about to start
Oct 8, 2010 4:58:51 PM org.apache.catalina.tribes.transport.ReceiverBase bind
INFO: Receiver Server Socket bound to:/192.168.148.85:4000
Oct 8, 2010 4:58:51 PM org.apache.catalina.tribes.membership.McastServiceImpl setupSocket
INFO: Setting cluster mcast soTimeout to 500
Oct 8, 2010 4:58:51 PM org.apache.catalina.tribes.membership.McastServiceImpl waitForMembers
INFO: Sleeping for 1000 milliseconds to establish cluster membership, start level:4
Oct 8, 2010 4:58:52 PM org.apache.catalina.ha.tcp.SimpleTcpCluster memberAdded
INFO: Replication member added:org.apache.catalina.tribes.membership.MemberImpl[tcp://{-64, -88, -108, 85}:4001,{-64, -88, -108, 85},4001, alive=145698,id={-84 85 121 44 85 -71 79 117 -128 -8 -70 -66 -9 95 5 21 }, payload={}, command={}, domain={}, ]
Oct 8, 2010 4:58:52 PM org.apache.catalina.tribes.membership.McastServiceImpl waitForMembers
INFO: Done sleeping, membership established, start level:4
Oct 8, 2010 4:58:52 PM org.apache.catalina.tribes.membership.McastServiceImpl waitForMembers
INFO: Sleeping for 1000 milliseconds to establish cluster membership, start level:8
Oct 8, 2010 4:58:52 PM org.apache.catalina.tribes.io.BufferPool getBufferPool
INFO: Created a buffer pool with max size:104857600 bytes of type:org.apache.catalina.tribes.io.BufferPool15Impl
Oct 8, 2010 4:58:53 PM org.apache.catalina.tribes.membership.McastServiceImpl waitForMembers
INFO: Done sleeping, membership established, start level:8
Oct 8, 2010 4:58:54 PM org.apache.catalina.ha.session.DeltaManager start
INFO: Register manager /cluster to cluster element Engine with name Catalina
Oct 8, 2010 4:58:54 PM org.apache.catalina.ha.session.DeltaManager start
INFO: Starting clustering manager at /cluster
Oct 8, 2010 4:58:54 PM org.apache.catalina.ha.session.DeltaManager getAllClusterSessions
WARNING: Manager [localhost#/cluster], requesting session state from org.apache.catalina.tribes.membership.MemberImpl[tcp://{-64, -88, -108, 85}:4001,{-64, -88, -108, 85},4001, alive=147694,id={-84 85 121 44 85 -71 79 117 -128 -8 -70 -66 -9 95 5 21 }, payload={}, command={}, domain={}, ]. This operation will timeout if no session state has been received within 60 seconds.
Oct 8, 2010 4:58:54 PM org.apache.catalina.ha.session.DeltaManager waitForSendAllSessions
INFO: Manager [localhost#/cluster]; session state send at 10/8/10 4:58 PM received in 109 ms.
Oct 8, 2010 4:58:54 PM org.apache.catalina.ha.session.JvmRouteBinderValve start
INFO: JvmRouteBinderValve started
Oct 8, 2010 4:58:54 PM org.apache.coyote.http11.Http11Protocol start
INFO: Starting Coyote HTTP/1.1 on http-8083
Oct 8, 2010 4:58:54 PM org.apache.jk.common.ChannelSocket init
INFO: JK: ajp13 listening on /0.0.0.0:8309
Oct 8, 2010 4:58:54 PM org.apache.jk.server.JkMain start
INFO: Jk running ID=0 time=0/47  config=null
Oct 8, 2010 4:58:54 PM org.apache.catalina.startup.Catalina start
INFO: Server startup in 2841 ms
Oct 8, 2010 4:59:17 PM org.apache.catalina.ha.tcp.SimpleTcpCluster memberAdded
INFO: Replication member added:org.apache.catalina.tribes.membership.MemberImpl[tcp://{-64, -88, -108, 85}:4002,{-64, -88, -108, 85},4002, alive=1029,id={66 -16 94 -19 -79 -113 72 10 -94 69 -42 -65 -47 29 -66 -62 }, payload={}, command={}, domain={}, ]
Oct 8, 2010 4:59:37 PM org.apache.catalina.tribes.group.interceptors.TcpFailureDetector memberDisappeared
INFO: Verification complete. Member disappeared[org.apache.catalina.tribes.membership.MemberImpl[tcp://{-64, -88, -108, 85}:4001,{-64, -88, -108, 85},4001, alive=190787,id={-84 85 121 44 85 -71 79 117 -128 -8 -70 -66 -9 95 5 21 }, payload={}, command={66 65 66 89 45 65 76 69 88 ...(9)}, domain={}, ]]
Oct 8, 2010 4:59:37 PM org.apache.catalina.ha.tcp.SimpleTcpCluster memberDisappeared
INFO: Received member disappeared:org.apache.catalina.tribes.membership.MemberImpl[tcp://{-64, -88, -108, 85}:4001,{-64, -88, -108, 85},4001, alive=190787,id={-84 85 121 44 85 -71 79 117 -128 -8 -70 -66 -9 95 5 21 }, payload={}, command={66 65 66 89 45 65 76 69 88 ...(9)}, domain={}, ]
Oct 8, 2010 5:00:01 PM org.apache.catalina.tribes.group.interceptors.TcpFailureDetector memberDisappeared
INFO: Verification complete. Member disappeared[org.apache.catalina.tribes.membership.MemberImpl[tcp://{-64, -88, -108, 85}:4002,{-64, -88, -108, 85},4002, alive=45152,id={66 -16 94 -19 -79 -113 72 10 -94 69 -42 -65 -47 29 -66 -62 }, payload={}, command={66 65 66 89 45 65 76 69 88 ...(9)}, domain={}, ]]
Oct 8, 2010 5:00:01 PM org.apache.catalina.ha.tcp.SimpleTcpCluster memberDisappeared
INFO: Received member disappeared:org.apache.catalina.tribes.membership.MemberImpl[tcp://{-64, -88, -108, 85}:4002,{-64, -88, -108, 85},4002, alive=45152,id={66 -16 94 -19 -79 -113 72 10 -94 69 -42 -65 -47 29 -66 -62 }, payload={}, command={66 65 66 89 45 65 76 69 88 ...(9)}, domain={}, ]
Oct 8, 2010 5:02:57 PM org.apache.catalina.core.StandardService stop
INFO: Stopping service Catalina
Oct 8, 2010 5:02:57 PM org.apache.catalina.ha.session.JvmRouteBinderValve stop
INFO: JvmRouteBinderValve stopped
Oct 8, 2010 5:02:57 PM org.apache.catalina.ha.session.DeltaManager stop
INFO: Manager [localhost#/cluster] expiring sessions upon shutdown
Oct 8, 2010 5:02:57 PM org.apache.coyote.http11.Http11Protocol destroy
INFO: Stopping Coyote HTTP/1.1 on http-8083
