Feb 6, 2010 12:07:54 AM org.apache.catalina.core.AprLifecycleListener init
INFO: The APR based Apache Tomcat Native library which allows optimal performance in production environments was not found on the java.library.path: C:\Java\jdk1.6.0_02\bin;.;C:\WINDOWS\Sun\Java\bin;C:\WINDOWS\system32;C:\WINDOWS;C:\Java\jdk1.6.0_02\bin;D:\oracle\product\10.2.0\db_1\bin;C:\WINDOWS\system32;C:\WINDOWS;C:\WINDOWS\System32\Wbem;C:\Program Files\Windows Imaging\;C:\Program Files\MySQL\MySQL Server 5.1\bin;C:\apache-ant-1.6.5\bin
Feb 6, 2010 12:07:54 AM org.apache.coyote.http11.Http11Protocol init
INFO: Initializing Coyote HTTP/1.1 on http-8083
Feb 6, 2010 12:07:54 AM org.apache.catalina.startup.Catalina load
INFO: Initialization processed in 600 ms
Feb 6, 2010 12:07:54 AM org.apache.catalina.core.StandardService start
INFO: Starting service Catalina
Feb 6, 2010 12:07:54 AM org.apache.catalina.core.StandardEngine start
INFO: Starting Servlet Engine: Apache Tomcat/6.0.16
Feb 6, 2010 12:07:54 AM org.apache.catalina.ha.tcp.SimpleTcpCluster start
INFO: Cluster is about to start
Feb 6, 2010 12:07:55 AM org.apache.catalina.tribes.transport.ReceiverBase bind
INFO: Receiver Server Socket bound to:/172.17.32.2:4002
Feb 6, 2010 12:07:55 AM org.apache.catalina.tribes.membership.McastServiceImpl setupSocket
INFO: Setting cluster mcast soTimeout to 500
Feb 6, 2010 12:07:55 AM org.apache.catalina.tribes.membership.McastServiceImpl waitForMembers
INFO: Sleeping for 1000 milliseconds to establish cluster membership, start level:4
Feb 6, 2010 12:07:55 AM org.apache.catalina.ha.tcp.SimpleTcpCluster memberAdded
INFO: Replication member added:org.apache.catalina.tribes.membership.MemberImpl[tcp://{-84, 17, 32, 2}:4000,{-84, 17, 32, 2},4000, alive=324872,id={45 26 -27 -125 -42 -99 76 -120 -104 -90 83 -7 -120 -34 -60 11 }, payload={}, command={}, domain={}, ]
Feb 6, 2010 12:07:55 AM org.apache.catalina.ha.tcp.SimpleTcpCluster memberAdded
INFO: Replication member added:org.apache.catalina.tribes.membership.MemberImpl[tcp://{-84, 17, 32, 2}:4001,{-84, 17, 32, 2},4001, alive=84758,id={60 -14 -10 -59 73 111 77 -55 -102 -101 12 -5 116 123 20 -34 }, payload={}, command={}, domain={}, ]
Feb 6, 2010 12:07:56 AM org.apache.catalina.tribes.membership.McastServiceImpl waitForMembers
INFO: Done sleeping, membership established, start level:4
Feb 6, 2010 12:07:56 AM org.apache.catalina.tribes.membership.McastServiceImpl waitForMembers
INFO: Sleeping for 1000 milliseconds to establish cluster membership, start level:8
Feb 6, 2010 12:07:56 AM org.apache.catalina.tribes.io.BufferPool getBufferPool
INFO: Created a buffer pool with max size:104857600 bytes of type:org.apache.catalina.tribes.io.BufferPool15Impl
Feb 6, 2010 12:07:57 AM org.apache.catalina.tribes.membership.McastServiceImpl waitForMembers
INFO: Done sleeping, membership established, start level:8
Feb 6, 2010 12:07:57 AM org.apache.catalina.ha.session.DeltaManager start
INFO: Register manager /cluster to cluster element Engine with name Catalina
Feb 6, 2010 12:07:57 AM org.apache.catalina.ha.session.DeltaManager start
INFO: Starting clustering manager at /cluster
Feb 6, 2010 12:07:57 AM org.apache.catalina.ha.session.DeltaManager getAllClusterSessions
WARNING: Manager [localhost#/cluster], requesting session state from org.apache.catalina.tribes.membership.MemberImpl[tcp://{-84, 17, 32, 2}:4000,{-84, 17, 32, 2},4000, alive=326877,id={45 26 -27 -125 -42 -99 76 -120 -104 -90 83 -7 -120 -34 -60 11 }, payload={}, command={}, domain={}, ]. This operation will timeout if no session state has been received within 60 seconds.
Feb 6, 2010 12:07:57 AM org.apache.catalina.ha.session.DeltaManager waitForSendAllSessions
INFO: Manager [localhost#/cluster]; session state send at 2/6/10 12:07 AM received in 109 ms.
Feb 6, 2010 12:07:57 AM org.apache.catalina.ha.session.JvmRouteBinderValve start
INFO: JvmRouteBinderValve started
Feb 6, 2010 12:07:57 AM org.apache.coyote.http11.Http11Protocol start
INFO: Starting Coyote HTTP/1.1 on http-8083
Feb 6, 2010 12:07:57 AM org.apache.jk.common.ChannelSocket init
INFO: JK: ajp13 listening on /0.0.0.0:8309
Feb 6, 2010 12:07:57 AM org.apache.jk.server.JkMain start
INFO: Jk running ID=0 time=0/31  config=null
Feb 6, 2010 12:07:57 AM org.apache.catalina.startup.Catalina start
INFO: Server startup in 2758 ms
Feb 6, 2010 12:14:10 AM org.apache.catalina.tribes.group.interceptors.TcpFailureDetector memberDisappeared
INFO: Verification complete. Member disappeared[org.apache.catalina.tribes.membership.MemberImpl[tcp://{-84, 17, 32, 2}:4000,{-84, 17, 32, 2},4000, alive=699821,id={45 26 -27 -125 -42 -99 76 -120 -104 -90 83 -7 -120 -34 -60 11 }, payload={}, command={66 65 66 89 45 65 76 69 88 ...(9)}, domain={}, ]]
Feb 6, 2010 12:14:10 AM org.apache.catalina.ha.tcp.SimpleTcpCluster memberDisappeared
INFO: Received member disappeared:org.apache.catalina.tribes.membership.MemberImpl[tcp://{-84, 17, 32, 2}:4000,{-84, 17, 32, 2},4000, alive=699821,id={45 26 -27 -125 -42 -99 76 -120 -104 -90 83 -7 -120 -34 -60 11 }, payload={}, command={66 65 66 89 45 65 76 69 88 ...(9)}, domain={}, ]
Feb 6, 2010 12:14:18 AM org.apache.catalina.core.StandardService stop
INFO: Stopping service Catalina
Feb 6, 2010 12:14:18 AM org.apache.catalina.ha.session.JvmRouteBinderValve stop
INFO: JvmRouteBinderValve stopped
Feb 6, 2010 12:14:18 AM org.apache.catalina.ha.session.DeltaManager stop
INFO: Manager [localhost#/cluster] expiring sessions upon shutdown
Feb 6, 2010 12:14:18 AM org.apache.coyote.http11.Http11Protocol destroy
INFO: Stopping Coyote HTTP/1.1 on http-8083
Feb 6, 2010 12:14:44 AM org.apache.catalina.core.AprLifecycleListener init
INFO: The APR based Apache Tomcat Native library which allows optimal performance in production environments was not found on the java.library.path: C:\Java\jdk1.6.0_02\bin;.;C:\WINDOWS\Sun\Java\bin;C:\WINDOWS\system32;C:\WINDOWS;C:\Java\jdk1.6.0_02\bin;D:\oracle\product\10.2.0\db_1\bin;C:\WINDOWS\system32;C:\WINDOWS;C:\WINDOWS\System32\Wbem;C:\Program Files\Windows Imaging\;C:\Program Files\MySQL\MySQL Server 5.1\bin;C:\apache-ant-1.6.5\bin
Feb 6, 2010 12:14:44 AM org.apache.coyote.http11.Http11Protocol init
INFO: Initializing Coyote HTTP/1.1 on http-8083
Feb 6, 2010 12:14:44 AM org.apache.catalina.startup.Catalina load
INFO: Initialization processed in 543 ms
Feb 6, 2010 12:14:44 AM org.apache.catalina.core.StandardService start
INFO: Starting service Catalina
Feb 6, 2010 12:14:44 AM org.apache.catalina.core.StandardEngine start
INFO: Starting Servlet Engine: Apache Tomcat/6.0.16
Feb 6, 2010 12:14:44 AM org.apache.catalina.ha.tcp.SimpleTcpCluster start
INFO: Cluster is about to start
Feb 6, 2010 12:14:44 AM org.apache.catalina.tribes.transport.ReceiverBase bind
INFO: Receiver Server Socket bound to:/172.17.32.2:4000
Feb 6, 2010 12:14:44 AM org.apache.catalina.tribes.membership.McastServiceImpl setupSocket
INFO: Setting cluster mcast soTimeout to 500
Feb 6, 2010 12:14:44 AM org.apache.catalina.tribes.membership.McastServiceImpl waitForMembers
INFO: Sleeping for 1000 milliseconds to establish cluster membership, start level:4
Feb 6, 2010 12:14:44 AM org.apache.catalina.ha.tcp.SimpleTcpCluster memberAdded
INFO: Replication member added:org.apache.catalina.tribes.membership.MemberImpl[tcp://{-84, 17, 32, 2}:4001,{-84, 17, 32, 2},4001, alive=493886,id={60 -14 -10 -59 73 111 77 -55 -102 -101 12 -5 116 123 20 -34 }, payload={}, command={}, domain={}, ]
Feb 6, 2010 12:14:45 AM org.apache.catalina.tribes.membership.McastServiceImpl waitForMembers
INFO: Done sleeping, membership established, start level:4
Feb 6, 2010 12:14:45 AM org.apache.catalina.tribes.membership.McastServiceImpl waitForMembers
INFO: Sleeping for 1000 milliseconds to establish cluster membership, start level:8
Feb 6, 2010 12:14:45 AM org.apache.catalina.tribes.io.BufferPool getBufferPool
INFO: Created a buffer pool with max size:104857600 bytes of type:org.apache.catalina.tribes.io.BufferPool15Impl
Feb 6, 2010 12:14:46 AM org.apache.catalina.tribes.membership.McastServiceImpl waitForMembers
INFO: Done sleeping, membership established, start level:8
Feb 6, 2010 12:14:46 AM org.apache.catalina.ha.session.DeltaManager start
INFO: Register manager /cluster to cluster element Engine with name Catalina
Feb 6, 2010 12:14:46 AM org.apache.catalina.ha.session.DeltaManager start
INFO: Starting clustering manager at /cluster
Feb 6, 2010 12:14:46 AM org.apache.catalina.ha.session.DeltaManager getAllClusterSessions
WARNING: Manager [localhost#/cluster], requesting session state from org.apache.catalina.tribes.membership.MemberImpl[tcp://{-84, 17, 32, 2}:4001,{-84, 17, 32, 2},4001, alive=495891,id={60 -14 -10 -59 73 111 77 -55 -102 -101 12 -5 116 123 20 -34 }, payload={}, command={}, domain={}, ]. This operation will timeout if no session state has been received within 60 seconds.
Feb 6, 2010 12:14:46 AM org.apache.catalina.ha.session.DeltaManager waitForSendAllSessions
INFO: Manager [localhost#/cluster]; session state send at 2/6/10 12:14 AM received in 125 ms.
Feb 6, 2010 12:14:46 AM org.apache.catalina.ha.session.JvmRouteBinderValve start
INFO: JvmRouteBinderValve started
Feb 6, 2010 12:14:46 AM org.apache.coyote.http11.Http11Protocol start
INFO: Starting Coyote HTTP/1.1 on http-8083
Feb 6, 2010 12:14:47 AM org.apache.jk.common.ChannelSocket init
INFO: JK: ajp13 listening on /0.0.0.0:8309
Feb 6, 2010 12:14:47 AM org.apache.jk.server.JkMain start
INFO: Jk running ID=0 time=0/32  config=null
Feb 6, 2010 12:14:47 AM org.apache.catalina.startup.Catalina start
INFO: Server startup in 2697 ms
Feb 6, 2010 12:15:17 AM org.apache.catalina.tribes.group.interceptors.TcpFailureDetector memberDisappeared
INFO: Verification complete. Member disappeared[org.apache.catalina.tribes.membership.MemberImpl[tcp://{-84, 17, 32, 2}:4001,{-84, 17, 32, 2},4001, alive=527156,id={60 -14 -10 -59 73 111 77 -55 -102 -101 12 -5 116 123 20 -34 }, payload={}, command={66 65 66 89 45 65 76 69 88 ...(9)}, domain={}, ]]
Feb 6, 2010 12:15:17 AM org.apache.catalina.ha.tcp.SimpleTcpCluster memberDisappeared
INFO: Received member disappeared:org.apache.catalina.tribes.membership.MemberImpl[tcp://{-84, 17, 32, 2}:4001,{-84, 17, 32, 2},4001, alive=527156,id={60 -14 -10 -59 73 111 77 -55 -102 -101 12 -5 116 123 20 -34 }, payload={}, command={66 65 66 89 45 65 76 69 88 ...(9)}, domain={}, ]
Feb 6, 2010 12:16:19 AM org.apache.coyote.http11.Http11Protocol pause
INFO: Pausing Coyote HTTP/1.1 on http-8083
Feb 6, 2010 12:16:20 AM org.apache.catalina.core.StandardService stop
INFO: Stopping service Catalina
Feb 6, 2010 12:16:20 AM org.apache.catalina.ha.session.JvmRouteBinderValve stop
INFO: JvmRouteBinderValve stopped
Feb 6, 2010 12:16:20 AM org.apache.catalina.ha.session.DeltaManager stop
INFO: Manager [localhost#/cluster] expiring sessions upon shutdown
Feb 6, 2010 12:16:20 AM org.apache.coyote.http11.Http11Protocol destroy
INFO: Stopping Coyote HTTP/1.1 on http-8083
