Oct 8, 2010 4:40:43 PM org.apache.catalina.core.AprLifecycleListener init
INFO: The APR based Apache Tomcat Native library which allows optimal performance in production environments was not found on the java.library.path: C:\opensource\jdk1.6.0_14\bin;.;C:\WINDOWS\Sun\Java\bin;C:\WINDOWS\system32;C:\WINDOWS;C:\Program Files\Common Files\NetSarang;C:\WINDOWS\system32;C:\WINDOWS;C:\WINDOWS\System32\Wbem;C:\Program Files\Windows Imaging\;C:\opensource\apache-ant-1.7.0;C:\Program Files\TortoiseSVN\bin;C:\opensource\jdk1.6.0_14\bin;C:\Documents and Settings\amit.dixit\Desktop\tools
Oct 8, 2010 4:40:43 PM org.apache.coyote.http11.Http11Protocol init
INFO: Initializing Coyote HTTP/1.1 on http-8081
Oct 8, 2010 4:40:43 PM org.apache.catalina.startup.Catalina load
INFO: Initialization processed in 2119 ms
Oct 8, 2010 4:40:44 PM org.apache.catalina.core.StandardService start
INFO: Starting service Catalina
Oct 8, 2010 4:40:44 PM org.apache.catalina.core.StandardEngine start
INFO: Starting Servlet Engine: Apache Tomcat/6.0.16
Oct 8, 2010 4:40:44 PM org.apache.catalina.ha.tcp.SimpleTcpCluster start
INFO: Cluster is about to start
Oct 8, 2010 4:40:44 PM org.apache.catalina.tribes.transport.ReceiverBase bind
INFO: Receiver Server Socket bound to:/192.168.148.85:4000
Oct 8, 2010 4:40:44 PM org.apache.catalina.tribes.membership.McastServiceImpl setupSocket
INFO: Setting cluster mcast soTimeout to 500
Oct 8, 2010 4:40:44 PM org.apache.catalina.tribes.membership.McastServiceImpl waitForMembers
INFO: Sleeping for 1000 milliseconds to establish cluster membership, start level:4
Oct 8, 2010 4:40:45 PM org.apache.catalina.tribes.membership.McastServiceImpl waitForMembers
INFO: Done sleeping, membership established, start level:4
Oct 8, 2010 4:40:45 PM org.apache.catalina.tribes.membership.McastServiceImpl waitForMembers
INFO: Sleeping for 1000 milliseconds to establish cluster membership, start level:8
Oct 8, 2010 4:40:46 PM org.apache.catalina.tribes.membership.McastServiceImpl waitForMembers
INFO: Done sleeping, membership established, start level:8
Oct 8, 2010 4:40:48 PM org.apache.catalina.ha.session.DeltaManager start
INFO: Register manager /cluster to cluster element Engine with name Catalina
Oct 8, 2010 4:40:48 PM org.apache.catalina.ha.session.DeltaManager start
INFO: Starting clustering manager at /cluster
Oct 8, 2010 4:40:48 PM org.apache.catalina.ha.session.DeltaManager getAllClusterSessions
INFO: Manager [localhost#/cluster]: skipping state transfer. No members active in cluster group.
Oct 8, 2010 4:40:48 PM org.apache.catalina.ha.session.JvmRouteBinderValve start
INFO: JvmRouteBinderValve started
Oct 8, 2010 4:40:48 PM org.apache.coyote.http11.Http11Protocol start
INFO: Starting Coyote HTTP/1.1 on http-8081
Oct 8, 2010 4:40:48 PM org.apache.jk.common.ChannelSocket init
INFO: JK: ajp13 listening on /0.0.0.0:8109
Oct 8, 2010 4:40:48 PM org.apache.jk.server.JkMain start
INFO: Jk running ID=0 time=0/156  config=null
Oct 8, 2010 4:40:48 PM org.apache.catalina.startup.Catalina start
INFO: Server startup in 4946 ms
Oct 8, 2010 4:40:50 PM org.apache.catalina.tribes.io.BufferPool getBufferPool
INFO: Created a buffer pool with max size:104857600 bytes of type:org.apache.catalina.tribes.io.BufferPool15Impl
Oct 8, 2010 4:40:50 PM org.apache.catalina.ha.tcp.SimpleTcpCluster memberAdded
INFO: Replication member added:org.apache.catalina.tribes.membership.MemberImpl[tcp://{-64, -88, -108, 85}:4001,{-64, -88, -108, 85},4001, alive=1013,id={-125 -55 97 -49 -53 14 75 109 -101 94 -24 104 68 -118 76 -104 }, payload={}, command={}, domain={}, ]
Oct 8, 2010 4:40:56 PM org.apache.catalina.ha.tcp.SimpleTcpCluster memberAdded
INFO: Replication member added:org.apache.catalina.tribes.membership.MemberImpl[tcp://{-64, -88, -108, 85}:4002,{-64, -88, -108, 85},4002, alive=998,id={41 76 -99 -59 -116 -52 67 56 -126 80 117 6 65 -79 36 58 }, payload={}, command={}, domain={}, ]
Oct 8, 2010 4:54:51 PM org.apache.catalina.tribes.group.interceptors.TcpFailureDetector memberDisappeared
INFO: Verification complete. Member disappeared[org.apache.catalina.tribes.membership.MemberImpl[tcp://{-64, -88, -108, 85}:4001,{-64, -88, -108, 85},4001, alive=841643,id={-125 -55 97 -49 -53 14 75 109 -101 94 -24 104 68 -118 76 -104 }, payload={}, command={66 65 66 89 45 65 76 69 88 ...(9)}, domain={}, ]]
Oct 8, 2010 4:54:51 PM org.apache.catalina.ha.tcp.SimpleTcpCluster memberDisappeared
INFO: Received member disappeared:org.apache.catalina.tribes.membership.MemberImpl[tcp://{-64, -88, -108, 85}:4001,{-64, -88, -108, 85},4001, alive=841643,id={-125 -55 97 -49 -53 14 75 109 -101 94 -24 104 68 -118 76 -104 }, payload={}, command={66 65 66 89 45 65 76 69 88 ...(9)}, domain={}, ]
Oct 8, 2010 4:56:05 PM org.apache.catalina.tribes.group.interceptors.TcpFailureDetector memberDisappeared
INFO: Verification complete. Member disappeared[org.apache.catalina.tribes.membership.MemberImpl[tcp://{-64, -88, -108, 85}:4002,{-64, -88, -108, 85},4002, alive=910462,id={41 76 -99 -59 -116 -52 67 56 -126 80 117 6 65 -79 36 58 }, payload={}, command={66 65 66 89 45 65 76 69 88 ...(9)}, domain={}, ]]
Oct 8, 2010 4:56:05 PM org.apache.catalina.ha.tcp.SimpleTcpCluster memberDisappeared
INFO: Received member disappeared:org.apache.catalina.tribes.membership.MemberImpl[tcp://{-64, -88, -108, 85}:4002,{-64, -88, -108, 85},4002, alive=910462,id={41 76 -99 -59 -116 -52 67 56 -126 80 117 6 65 -79 36 58 }, payload={}, command={66 65 66 89 45 65 76 69 88 ...(9)}, domain={}, ]
Oct 8, 2010 4:56:27 PM org.apache.catalina.ha.tcp.SimpleTcpCluster memberAdded
INFO: Replication member added:org.apache.catalina.tribes.membership.MemberImpl[tcp://{-64, -88, -108, 85}:4001,{-64, -88, -108, 85},4001, alive=1014,id={-84 85 121 44 85 -71 79 117 -128 -8 -70 -66 -9 95 5 21 }, payload={}, command={}, domain={}, ]
Oct 8, 2010 4:57:11 PM org.apache.catalina.core.StandardService stop
INFO: Stopping service Catalina
Oct 8, 2010 4:57:11 PM org.apache.catalina.ha.session.JvmRouteBinderValve stop
INFO: JvmRouteBinderValve stopped
Oct 8, 2010 4:57:11 PM org.apache.catalina.ha.session.DeltaManager stop
INFO: Manager [localhost#/cluster] expiring sessions upon shutdown
Oct 8, 2010 4:57:11 PM org.apache.coyote.http11.Http11Protocol destroy
INFO: Stopping Coyote HTTP/1.1 on http-8081
Oct 8, 2010 4:59:16 PM org.apache.catalina.core.AprLifecycleListener init
INFO: The APR based Apache Tomcat Native library which allows optimal performance in production environments was not found on the java.library.path: C:\opensource\jdk1.6.0_14\bin;.;C:\WINDOWS\Sun\Java\bin;C:\WINDOWS\system32;C:\WINDOWS;C:\Program Files\Common Files\NetSarang;C:\WINDOWS\system32;C:\WINDOWS;C:\WINDOWS\System32\Wbem;C:\Program Files\Windows Imaging\;C:\opensource\apache-ant-1.7.0;C:\Program Files\TortoiseSVN\bin;C:\opensource\jdk1.6.0_14\bin;C:\Documents and Settings\amit.dixit\Desktop\tools
Oct 8, 2010 4:59:16 PM org.apache.coyote.http11.Http11Protocol init
INFO: Initializing Coyote HTTP/1.1 on http-8081
Oct 8, 2010 4:59:16 PM org.apache.catalina.startup.Catalina load
INFO: Initialization processed in 613 ms
Oct 8, 2010 4:59:16 PM org.apache.catalina.core.StandardService start
INFO: Starting service Catalina
Oct 8, 2010 4:59:16 PM org.apache.catalina.core.StandardEngine start
INFO: Starting Servlet Engine: Apache Tomcat/6.0.16
Oct 8, 2010 4:59:16 PM org.apache.catalina.ha.tcp.SimpleTcpCluster start
INFO: Cluster is about to start
Oct 8, 2010 4:59:16 PM org.apache.catalina.tribes.transport.ReceiverBase bind
INFO: Receiver Server Socket bound to:/192.168.148.85:4002
Oct 8, 2010 4:59:16 PM org.apache.catalina.tribes.membership.McastServiceImpl setupSocket
INFO: Setting cluster mcast soTimeout to 500
Oct 8, 2010 4:59:16 PM org.apache.catalina.tribes.membership.McastServiceImpl waitForMembers
INFO: Sleeping for 1000 milliseconds to establish cluster membership, start level:4
Oct 8, 2010 4:59:16 PM org.apache.catalina.ha.tcp.SimpleTcpCluster memberAdded
INFO: Replication member added:org.apache.catalina.tribes.membership.MemberImpl[tcp://{-64, -88, -108, 85}:4001,{-64, -88, -108, 85},4001, alive=170160,id={-84 85 121 44 85 -71 79 117 -128 -8 -70 -66 -9 95 5 21 }, payload={}, command={}, domain={}, ]
Oct 8, 2010 4:59:16 PM org.apache.catalina.ha.tcp.SimpleTcpCluster memberAdded
INFO: Replication member added:org.apache.catalina.tribes.membership.MemberImpl[tcp://{-64, -88, -108, 85}:4000,{-64, -88, -108, 85},4000, alive=24977,id={27 -65 114 11 89 -96 64 -37 -67 61 -88 -109 -103 49 39 -48 }, payload={}, command={}, domain={}, ]
Oct 8, 2010 4:59:17 PM org.apache.catalina.tribes.membership.McastServiceImpl waitForMembers
INFO: Done sleeping, membership established, start level:4
Oct 8, 2010 4:59:17 PM org.apache.catalina.tribes.membership.McastServiceImpl waitForMembers
INFO: Sleeping for 1000 milliseconds to establish cluster membership, start level:8
Oct 8, 2010 4:59:17 PM org.apache.catalina.tribes.io.BufferPool getBufferPool
INFO: Created a buffer pool with max size:104857600 bytes of type:org.apache.catalina.tribes.io.BufferPool15Impl
Oct 8, 2010 4:59:18 PM org.apache.catalina.tribes.membership.McastServiceImpl waitForMembers
INFO: Done sleeping, membership established, start level:8
Oct 8, 2010 4:59:18 PM org.apache.catalina.ha.session.DeltaManager start
INFO: Register manager /cluster to cluster element Engine with name Catalina
Oct 8, 2010 4:59:18 PM org.apache.catalina.ha.session.DeltaManager start
INFO: Starting clustering manager at /cluster
Oct 8, 2010 4:59:18 PM org.apache.catalina.ha.session.DeltaManager getAllClusterSessions
WARNING: Manager [localhost#/cluster], requesting session state from org.apache.catalina.tribes.membership.MemberImpl[tcp://{-64, -88, -108, 85}:4001,{-64, -88, -108, 85},4001, alive=172156,id={-84 85 121 44 85 -71 79 117 -128 -8 -70 -66 -9 95 5 21 }, payload={}, command={}, domain={}, ]. This operation will timeout if no session state has been received within 60 seconds.
Oct 8, 2010 4:59:18 PM org.apache.catalina.ha.session.DeltaManager waitForSendAllSessions
INFO: Manager [localhost#/cluster]; session state send at 10/8/10 4:59 PM received in 109 ms.
Oct 8, 2010 4:59:19 PM org.apache.catalina.ha.session.JvmRouteBinderValve start
INFO: JvmRouteBinderValve started
Oct 8, 2010 4:59:19 PM org.apache.coyote.http11.Http11Protocol start
INFO: Starting Coyote HTTP/1.1 on http-8081
Oct 8, 2010 4:59:19 PM org.apache.jk.common.ChannelSocket init
INFO: JK: ajp13 listening on /0.0.0.0:8109
Oct 8, 2010 4:59:19 PM org.apache.jk.server.JkMain start
INFO: Jk running ID=0 time=0/46  config=null
Oct 8, 2010 4:59:19 PM org.apache.catalina.startup.Catalina start
INFO: Server startup in 2847 ms
Oct 8, 2010 4:59:37 PM org.apache.catalina.tribes.group.interceptors.TcpFailureDetector memberDisappeared
INFO: Verification complete. Member disappeared[org.apache.catalina.tribes.membership.MemberImpl[tcp://{-64, -88, -108, 85}:4001,{-64, -88, -108, 85},4001, alive=190787,id={-84 85 121 44 85 -71 79 117 -128 -8 -70 -66 -9 95 5 21 }, payload={}, command={66 65 66 89 45 65 76 69 88 ...(9)}, domain={}, ]]
Oct 8, 2010 4:59:37 PM org.apache.catalina.ha.tcp.SimpleTcpCluster memberDisappeared
INFO: Received member disappeared:org.apache.catalina.tribes.membership.MemberImpl[tcp://{-64, -88, -108, 85}:4001,{-64, -88, -108, 85},4001, alive=190787,id={-84 85 121 44 85 -71 79 117 -128 -8 -70 -66 -9 95 5 21 }, payload={}, command={66 65 66 89 45 65 76 69 88 ...(9)}, domain={}, ]
Oct 8, 2010 5:00:00 PM org.apache.coyote.http11.Http11Protocol pause
INFO: Pausing Coyote HTTP/1.1 on http-8081
Oct 8, 2010 5:00:01 PM org.apache.catalina.core.StandardService stop
INFO: Stopping service Catalina
Oct 8, 2010 5:00:01 PM org.apache.catalina.ha.session.JvmRouteBinderValve stop
INFO: JvmRouteBinderValve stopped
Oct 8, 2010 5:00:01 PM org.apache.catalina.ha.session.DeltaManager stop
INFO: Manager [localhost#/cluster] expiring sessions upon shutdown
Oct 8, 2010 5:00:01 PM org.apache.coyote.http11.Http11Protocol destroy
INFO: Stopping Coyote HTTP/1.1 on http-8081
Oct 8, 2010 5:03:59 PM org.apache.catalina.core.AprLifecycleListener init
INFO: The APR based Apache Tomcat Native library which allows optimal performance in production environments was not found on the java.library.path: C:\opensource\jdk1.6.0_14\bin;.;C:\WINDOWS\Sun\Java\bin;C:\WINDOWS\system32;C:\WINDOWS;C:\Program Files\Common Files\NetSarang;C:\WINDOWS\system32;C:\WINDOWS;C:\WINDOWS\System32\Wbem;C:\Program Files\Windows Imaging\;C:\opensource\apache-ant-1.7.0;C:\Program Files\TortoiseSVN\bin;C:\opensource\jdk1.6.0_14\bin;C:\Documents and Settings\amit.dixit\Desktop\tools
Oct 8, 2010 5:03:59 PM org.apache.coyote.http11.Http11Protocol init
INFO: Initializing Coyote HTTP/1.1 on http-8081
Oct 8, 2010 5:03:59 PM org.apache.catalina.startup.Catalina load
INFO: Initialization processed in 683 ms
Oct 8, 2010 5:03:59 PM org.apache.catalina.core.StandardService start
INFO: Starting service Catalina
Oct 8, 2010 5:03:59 PM org.apache.catalina.core.StandardEngine start
INFO: Starting Servlet Engine: Apache Tomcat/6.0.16
Oct 8, 2010 5:03:59 PM org.apache.catalina.ha.tcp.SimpleTcpCluster start
INFO: Cluster is about to start
Oct 8, 2010 5:03:59 PM org.apache.catalina.tribes.transport.ReceiverBase bind
INFO: Receiver Server Socket bound to:/192.168.148.85:4000
Oct 8, 2010 5:03:59 PM org.apache.catalina.tribes.membership.McastServiceImpl setupSocket
INFO: Setting cluster mcast soTimeout to 500
Oct 8, 2010 5:03:59 PM org.apache.catalina.tribes.membership.McastServiceImpl waitForMembers
INFO: Sleeping for 1000 milliseconds to establish cluster membership, start level:4
Oct 8, 2010 5:04:00 PM org.apache.catalina.tribes.membership.McastServiceImpl waitForMembers
INFO: Done sleeping, membership established, start level:4
Oct 8, 2010 5:04:00 PM org.apache.catalina.tribes.membership.McastServiceImpl waitForMembers
INFO: Sleeping for 1000 milliseconds to establish cluster membership, start level:8
Oct 8, 2010 5:04:01 PM org.apache.catalina.tribes.membership.McastServiceImpl waitForMembers
INFO: Done sleeping, membership established, start level:8
Oct 8, 2010 5:04:01 PM org.apache.catalina.startup.HostConfig deployWAR
INFO: Deploying web application archive edsa.war
Oct 8, 2010 5:04:07 PM org.apache.catalina.core.StandardContext addApplicationListener
INFO: The listener "org.springframework.web.context.ContextLoaderListener" is already configured for this context. The duplicate definition has been ignored.
Oct 8, 2010 5:04:35 PM org.apache.catalina.core.StandardContext start
SEVERE: Error listenerStart
Oct 8, 2010 5:04:35 PM org.apache.catalina.core.StandardContext start
SEVERE: Context [/edsa] startup failed due to previous errors
Oct 8, 2010 5:04:36 PM org.apache.catalina.ha.session.DeltaManager start
INFO: Register manager /cluster to cluster element Engine with name Catalina
Oct 8, 2010 5:04:36 PM org.apache.catalina.ha.session.DeltaManager start
INFO: Starting clustering manager at /cluster
Oct 8, 2010 5:04:36 PM org.apache.catalina.ha.session.DeltaManager getAllClusterSessions
INFO: Manager [localhost#/cluster]: skipping state transfer. No members active in cluster group.
Oct 8, 2010 5:04:36 PM org.apache.catalina.ha.session.JvmRouteBinderValve start
INFO: JvmRouteBinderValve started
Oct 8, 2010 5:04:36 PM org.apache.coyote.http11.Http11Protocol start
INFO: Starting Coyote HTTP/1.1 on http-8081
Oct 8, 2010 5:04:36 PM org.apache.jk.common.ChannelSocket init
INFO: JK: ajp13 listening on /0.0.0.0:8109
Oct 8, 2010 5:04:36 PM org.apache.jk.server.JkMain start
INFO: Jk running ID=0 time=0/31  config=null
Oct 8, 2010 5:04:36 PM org.apache.catalina.startup.Catalina start
INFO: Server startup in 37428 ms
Oct 8, 2010 5:04:59 PM org.apache.catalina.tribes.io.BufferPool getBufferPool
INFO: Created a buffer pool with max size:104857600 bytes of type:org.apache.catalina.tribes.io.BufferPool15Impl
Oct 8, 2010 5:05:00 PM org.apache.catalina.ha.tcp.SimpleTcpCluster memberAdded
INFO: Replication member added:org.apache.catalina.tribes.membership.MemberImpl[tcp://{-64, -88, 101, -122}:4000,{-64, -88, 101, -122},4000, alive=1027,id={-47 -107 46 -58 6 31 67 99 -95 37 -50 -54 -46 -128 -20 -66 }, payload={}, command={}, domain={}, ]
Oct 8, 2010 5:08:47 PM org.apache.catalina.core.StandardService stop
INFO: Stopping service Catalina
Oct 8, 2010 5:08:47 PM org.apache.catalina.ha.session.JvmRouteBinderValve stop
INFO: JvmRouteBinderValve stopped
Oct 8, 2010 5:08:47 PM org.apache.catalina.ha.session.DeltaManager stop
INFO: Manager [localhost#/cluster] expiring sessions upon shutdown
Oct 8, 2010 5:08:47 PM org.apache.coyote.http11.Http11Protocol destroy
INFO: Stopping Coyote HTTP/1.1 on http-8081
Oct 8, 2010 5:09:32 PM org.apache.catalina.core.AprLifecycleListener init
INFO: The APR based Apache Tomcat Native library which allows optimal performance in production environments was not found on the java.library.path: C:\opensource\jdk1.6.0_14\bin;.;C:\WINDOWS\Sun\Java\bin;C:\WINDOWS\system32;C:\WINDOWS;C:\Program Files\Common Files\NetSarang;C:\WINDOWS\system32;C:\WINDOWS;C:\WINDOWS\System32\Wbem;C:\Program Files\Windows Imaging\;C:\opensource\apache-ant-1.7.0;C:\Program Files\TortoiseSVN\bin;C:\opensource\jdk1.6.0_14\bin;C:\Documents and Settings\amit.dixit\Desktop\tools
Oct 8, 2010 5:09:32 PM org.apache.coyote.http11.Http11Protocol init
INFO: Initializing Coyote HTTP/1.1 on http-8081
Oct 8, 2010 5:09:32 PM org.apache.catalina.startup.Catalina load
INFO: Initialization processed in 735 ms
Oct 8, 2010 5:09:32 PM org.apache.catalina.core.StandardService start
INFO: Starting service Catalina
Oct 8, 2010 5:09:32 PM org.apache.catalina.core.StandardEngine start
INFO: Starting Servlet Engine: Apache Tomcat/6.0.16
Oct 8, 2010 5:09:32 PM org.apache.catalina.ha.tcp.SimpleTcpCluster start
INFO: Cluster is about to start
Oct 8, 2010 5:09:32 PM org.apache.catalina.tribes.transport.ReceiverBase bind
INFO: Receiver Server Socket bound to:/192.168.101.134:4001
Oct 8, 2010 5:09:32 PM org.apache.catalina.tribes.membership.McastServiceImpl setupSocket
INFO: Setting cluster mcast soTimeout to 500
Oct 8, 2010 5:09:32 PM org.apache.catalina.tribes.membership.McastServiceImpl waitForMembers
INFO: Sleeping for 1000 milliseconds to establish cluster membership, start level:4
Oct 8, 2010 5:09:33 PM org.apache.catalina.ha.tcp.SimpleTcpCluster memberAdded
INFO: Replication member added:org.apache.catalina.tribes.membership.MemberImpl[tcp://{-64, -88, 101, -122}:4000,{-64, -88, 101, -122},4000, alive=7664,id={111 41 -2 44 -102 86 78 -56 -99 92 -115 -20 49 23 122 20 }, payload={}, command={}, domain={}, ]
Oct 8, 2010 5:09:33 PM org.apache.catalina.tribes.membership.McastServiceImpl waitForMembers
INFO: Done sleeping, membership established, start level:4
Oct 8, 2010 5:09:33 PM org.apache.catalina.tribes.membership.McastServiceImpl waitForMembers
INFO: Sleeping for 1000 milliseconds to establish cluster membership, start level:8
Oct 8, 2010 5:09:33 PM org.apache.catalina.tribes.io.BufferPool getBufferPool
INFO: Created a buffer pool with max size:104857600 bytes of type:org.apache.catalina.tribes.io.BufferPool15Impl
Oct 8, 2010 5:09:34 PM org.apache.catalina.tribes.membership.McastServiceImpl waitForMembers
INFO: Done sleeping, membership established, start level:8
Oct 8, 2010 5:09:34 PM org.apache.catalina.startup.HostConfig deployWAR
INFO: Deploying web application archive edsa.war
Oct 8, 2010 5:09:36 PM org.apache.catalina.ha.session.ClusterSessionListener messageReceived
WARNING: Context manager doesn't exist:localhost#/cluster
Oct 8, 2010 5:09:38 PM org.apache.catalina.core.StandardContext addApplicationListener
INFO: The listener "org.springframework.web.context.ContextLoaderListener" is already configured for this context. The duplicate definition has been ignored.
Oct 8, 2010 5:09:38 PM org.apache.catalina.ha.session.DeltaManager start
INFO: Register manager /edsa to cluster element Engine with name Catalina
Oct 8, 2010 5:09:38 PM org.apache.catalina.ha.session.DeltaManager start
INFO: Starting clustering manager at /edsa
Oct 8, 2010 5:09:38 PM org.apache.catalina.ha.session.DeltaManager getAllClusterSessions
WARNING: Manager [localhost#/edsa], requesting session state from org.apache.catalina.tribes.membership.MemberImpl[tcp://{-64, -88, 101, -122}:4000,{-64, -88, 101, -122},4000, alive=13242,id={111 41 -2 44 -102 86 78 -56 -99 92 -115 -20 49 23 122 20 }, payload={}, command={}, domain={}, ]. This operation will timeout if no session state has been received within 60 seconds.
Oct 8, 2010 5:09:39 PM org.apache.catalina.ha.session.DeltaManager waitForSendAllSessions
INFO: Manager [localhost#/edsa]; session state send at 10/8/10 5:09 PM received in 110 ms.
Oct 8, 2010 5:09:44 PM org.apache.cxf.endpoint.ServerImpl initDestination
INFO: Setting the server's publish address to be /
Oct 8, 2010 5:09:44 PM org.apache.cxf.transport.servlet.CXFServlet updateContext
INFO: Load the bus with application context
Oct 8, 2010 5:09:44 PM org.apache.cxf.transport.servlet.AbstractCXFServlet replaceDestinationFactory
INFO: Servlet transport factory already registered 
Oct 8, 2010 5:09:44 PM org.apache.catalina.ha.session.DeltaManager start
INFO: Register manager /cluster to cluster element Engine with name Catalina
Oct 8, 2010 5:09:44 PM org.apache.catalina.ha.session.DeltaManager start
INFO: Starting clustering manager at /cluster
Oct 8, 2010 5:09:44 PM org.apache.catalina.ha.session.DeltaManager getAllClusterSessions
WARNING: Manager [localhost#/cluster], requesting session state from org.apache.catalina.tribes.membership.MemberImpl[tcp://{-64, -88, 101, -122}:4000,{-64, -88, 101, -122},4000, alive=18298,id={111 41 -2 44 -102 86 78 -56 -99 92 -115 -20 49 23 122 20 }, payload={}, command={}, domain={}, ]. This operation will timeout if no session state has been received within 60 seconds.
Oct 8, 2010 5:10:44 PM org.apache.catalina.ha.session.DeltaManager waitForSendAllSessions
SEVERE: Manager [localhost#/cluster]: No session state send at 10/8/10 5:09 PM received, timing out after 60,039 ms.
Oct 8, 2010 5:10:44 PM org.apache.catalina.ha.session.JvmRouteBinderValve start
INFO: JvmRouteBinderValve started
Oct 8, 2010 5:10:44 PM org.apache.coyote.http11.Http11Protocol start
INFO: Starting Coyote HTTP/1.1 on http-8081
Oct 8, 2010 5:10:44 PM org.apache.jk.common.ChannelSocket init
INFO: JK: ajp13 listening on /0.0.0.0:8109
Oct 8, 2010 5:10:44 PM org.apache.jk.server.JkMain start
INFO: Jk running ID=0 time=0/78  config=null
Oct 8, 2010 5:10:44 PM org.apache.catalina.startup.Catalina start
INFO: Server startup in 71549 ms
Oct 8, 2010 5:10:45 PM org.apache.cxf.jaxrs.interceptor.JAXRSInInterceptor processRequest
WARNING: No root resource matching request path /account has been found.
Oct 8, 2010 5:12:35 PM org.apache.catalina.core.StandardService stop
INFO: Stopping service Catalina
Oct 8, 2010 5:12:35 PM org.apache.catalina.ha.session.JvmRouteBinderValve stop
INFO: JvmRouteBinderValve stopped
Oct 8, 2010 5:12:35 PM org.apache.catalina.ha.session.DeltaManager stop
INFO: Manager [localhost#/edsa] expiring sessions upon shutdown
Oct 8, 2010 5:12:36 PM org.apache.catalina.ha.session.DeltaManager stop
INFO: Manager [localhost#/cluster] expiring sessions upon shutdown
Oct 8, 2010 5:12:36 PM org.apache.coyote.http11.Http11Protocol destroy
INFO: Stopping Coyote HTTP/1.1 on http-8081
Oct 8, 2010 5:13:24 PM org.apache.catalina.core.AprLifecycleListener init
INFO: The APR based Apache Tomcat Native library which allows optimal performance in production environments was not found on the java.library.path: C:\opensource\jdk1.6.0_14\bin;.;C:\WINDOWS\Sun\Java\bin;C:\WINDOWS\system32;C:\WINDOWS;C:\Program Files\Common Files\NetSarang;C:\WINDOWS\system32;C:\WINDOWS;C:\WINDOWS\System32\Wbem;C:\Program Files\Windows Imaging\;C:\opensource\apache-ant-1.7.0;C:\Program Files\TortoiseSVN\bin;C:\opensource\jdk1.6.0_14\bin;C:\Documents and Settings\amit.dixit\Desktop\tools
Oct 8, 2010 5:13:24 PM org.apache.coyote.http11.Http11Protocol init
INFO: Initializing Coyote HTTP/1.1 on http-8081
Oct 8, 2010 5:13:24 PM org.apache.catalina.startup.Catalina load
INFO: Initialization processed in 599 ms
Oct 8, 2010 5:13:25 PM org.apache.catalina.core.StandardService start
INFO: Starting service Catalina
Oct 8, 2010 5:13:25 PM org.apache.catalina.core.StandardEngine start
INFO: Starting Servlet Engine: Apache Tomcat/6.0.16
Oct 8, 2010 5:13:25 PM org.apache.catalina.ha.tcp.SimpleTcpCluster start
INFO: Cluster is about to start
Oct 8, 2010 5:13:25 PM org.apache.catalina.tribes.transport.ReceiverBase bind
INFO: Receiver Server Socket bound to:/192.168.101.134:4001
Oct 8, 2010 5:13:25 PM org.apache.catalina.tribes.membership.McastServiceImpl setupSocket
INFO: Setting cluster mcast soTimeout to 500
Oct 8, 2010 5:13:25 PM org.apache.catalina.tribes.membership.McastServiceImpl waitForMembers
INFO: Sleeping for 1000 milliseconds to establish cluster membership, start level:4
Oct 8, 2010 5:13:25 PM org.apache.catalina.ha.tcp.SimpleTcpCluster memberAdded
INFO: Replication member added:org.apache.catalina.tribes.membership.MemberImpl[tcp://{-64, -88, 101, -122}:4000,{-64, -88, 101, -122},4000, alive=239677,id={111 41 -2 44 -102 86 78 -56 -99 92 -115 -20 49 23 122 20 }, payload={}, command={}, domain={}, ]
Oct 8, 2010 5:13:26 PM org.apache.catalina.tribes.membership.McastServiceImpl waitForMembers
INFO: Done sleeping, membership established, start level:4
Oct 8, 2010 5:13:26 PM org.apache.catalina.tribes.membership.McastServiceImpl waitForMembers
INFO: Sleeping for 1000 milliseconds to establish cluster membership, start level:8
Oct 8, 2010 5:13:26 PM org.apache.catalina.tribes.io.BufferPool getBufferPool
INFO: Created a buffer pool with max size:104857600 bytes of type:org.apache.catalina.tribes.io.BufferPool15Impl
Oct 8, 2010 5:13:27 PM org.apache.catalina.tribes.membership.McastServiceImpl waitForMembers
INFO: Done sleeping, membership established, start level:8
Oct 8, 2010 5:13:27 PM org.apache.catalina.startup.HostConfig deployWAR
INFO: Deploying web application archive edsa.war
Oct 8, 2010 5:13:27 PM org.apache.catalina.core.StandardContext addApplicationListener
INFO: The listener "org.springframework.web.context.ContextLoaderListener" is already configured for this context. The duplicate definition has been ignored.
Oct 8, 2010 5:13:27 PM org.apache.catalina.ha.session.DeltaManager start
INFO: Register manager /edsa to cluster element Engine with name Catalina
Oct 8, 2010 5:13:27 PM org.apache.catalina.ha.session.DeltaManager start
INFO: Starting clustering manager at /edsa
Oct 8, 2010 5:13:27 PM org.apache.catalina.ha.session.DeltaManager getAllClusterSessions
WARNING: Manager [localhost#/edsa], requesting session state from org.apache.catalina.tribes.membership.MemberImpl[tcp://{-64, -88, 101, -122}:4000,{-64, -88, 101, -122},4000, alive=242184,id={111 41 -2 44 -102 86 78 -56 -99 92 -115 -20 49 23 122 20 }, payload={}, command={}, domain={}, ]. This operation will timeout if no session state has been received within 60 seconds.
Oct 8, 2010 5:13:27 PM org.apache.catalina.ha.session.DeltaManager waitForSendAllSessions
INFO: Manager [localhost#/edsa]; session state send at 10/8/10 5:13 PM received in 126 ms.
Oct 8, 2010 5:13:32 PM org.apache.cxf.endpoint.ServerImpl initDestination
INFO: Setting the server's publish address to be /
Oct 8, 2010 5:13:32 PM org.apache.cxf.transport.servlet.CXFServlet updateContext
INFO: Load the bus with application context
Oct 8, 2010 5:13:32 PM org.apache.cxf.transport.servlet.AbstractCXFServlet replaceDestinationFactory
INFO: Servlet transport factory already registered 
Oct 8, 2010 5:13:32 PM org.apache.catalina.ha.session.DeltaManager start
INFO: Register manager /cluster to cluster element Engine with name Catalina
Oct 8, 2010 5:13:32 PM org.apache.catalina.ha.session.DeltaManager start
INFO: Starting clustering manager at /cluster
Oct 8, 2010 5:13:32 PM org.apache.catalina.ha.session.DeltaManager getAllClusterSessions
WARNING: Manager [localhost#/cluster], requesting session state from org.apache.catalina.tribes.membership.MemberImpl[tcp://{-64, -88, 101, -122}:4000,{-64, -88, 101, -122},4000, alive=246696,id={111 41 -2 44 -102 86 78 -56 -99 92 -115 -20 49 23 122 20 }, payload={}, command={}, domain={}, ]. This operation will timeout if no session state has been received within 60 seconds.
Oct 8, 2010 5:13:32 PM org.apache.catalina.ha.session.DeltaManager waitForSendAllSessions
INFO: Manager [localhost#/cluster]; session state send at 10/8/10 5:13 PM received in 110 ms.
Oct 8, 2010 5:13:32 PM org.apache.catalina.ha.session.JvmRouteBinderValve start
INFO: JvmRouteBinderValve started
Oct 8, 2010 5:13:32 PM org.apache.coyote.http11.Http11Protocol start
INFO: Starting Coyote HTTP/1.1 on http-8081
Oct 8, 2010 5:13:33 PM org.apache.jk.common.ChannelSocket init
INFO: JK: ajp13 listening on /0.0.0.0:8109
Oct 8, 2010 5:13:33 PM org.apache.jk.server.JkMain start
INFO: Jk running ID=0 time=0/62  config=null
Oct 8, 2010 5:13:33 PM org.apache.catalina.startup.Catalina start
INFO: Server startup in 8080 ms
Oct 8, 2010 5:13:38 PM org.apache.catalina.core.StandardService stop
INFO: Stopping service Catalina
Oct 8, 2010 5:13:38 PM org.apache.catalina.ha.session.JvmRouteBinderValve stop
INFO: JvmRouteBinderValve stopped
Oct 8, 2010 5:13:38 PM org.apache.catalina.ha.session.DeltaManager stop
INFO: Manager [localhost#/edsa] expiring sessions upon shutdown
Oct 8, 2010 5:13:38 PM org.apache.catalina.ha.session.DeltaManager stop
INFO: Manager [localhost#/cluster] expiring sessions upon shutdown
Oct 8, 2010 5:13:38 PM org.apache.coyote.http11.Http11Protocol destroy
INFO: Stopping Coyote HTTP/1.1 on http-8081
Oct 8, 2010 5:14:30 PM org.apache.catalina.core.AprLifecycleListener init
INFO: The APR based Apache Tomcat Native library which allows optimal performance in production environments was not found on the java.library.path: C:\opensource\jdk1.6.0_14\bin;.;C:\WINDOWS\Sun\Java\bin;C:\WINDOWS\system32;C:\WINDOWS;C:\Program Files\Common Files\NetSarang;C:\WINDOWS\system32;C:\WINDOWS;C:\WINDOWS\System32\Wbem;C:\Program Files\Windows Imaging\;C:\opensource\apache-ant-1.7.0;C:\Program Files\TortoiseSVN\bin;C:\opensource\jdk1.6.0_14\bin;C:\Documents and Settings\amit.dixit\Desktop\tools
Oct 8, 2010 5:14:30 PM org.apache.coyote.http11.Http11Protocol init
INFO: Initializing Coyote HTTP/1.1 on http-8081
Oct 8, 2010 5:14:30 PM org.apache.catalina.startup.Catalina load
INFO: Initialization processed in 613 ms
Oct 8, 2010 5:14:30 PM org.apache.catalina.core.StandardService start
INFO: Starting service Catalina
Oct 8, 2010 5:14:30 PM org.apache.catalina.core.StandardEngine start
INFO: Starting Servlet Engine: Apache Tomcat/6.0.16
Oct 8, 2010 5:14:30 PM org.apache.catalina.ha.tcp.SimpleTcpCluster start
INFO: Cluster is about to start
Oct 8, 2010 5:14:30 PM org.apache.catalina.tribes.transport.ReceiverBase bind
INFO: Receiver Server Socket bound to:/192.168.101.134:4001
Oct 8, 2010 5:14:30 PM org.apache.catalina.tribes.membership.McastServiceImpl setupSocket
INFO: Setting cluster mcast soTimeout to 500
Oct 8, 2010 5:14:30 PM org.apache.catalina.tribes.membership.McastServiceImpl waitForMembers
INFO: Sleeping for 1000 milliseconds to establish cluster membership, start level:4
Oct 8, 2010 5:14:31 PM org.apache.catalina.ha.tcp.SimpleTcpCluster memberAdded
INFO: Replication member added:org.apache.catalina.tribes.membership.MemberImpl[tcp://{-64, -88, 101, -122}:4000,{-64, -88, 101, -122},4000, alive=305368,id={111 41 -2 44 -102 86 78 -56 -99 92 -115 -20 49 23 122 20 }, payload={}, command={}, domain={}, ]
Oct 8, 2010 5:14:31 PM org.apache.catalina.tribes.membership.McastServiceImpl waitForMembers
INFO: Done sleeping, membership established, start level:4
Oct 8, 2010 5:14:31 PM org.apache.catalina.tribes.membership.McastServiceImpl waitForMembers
INFO: Sleeping for 1000 milliseconds to establish cluster membership, start level:8
Oct 8, 2010 5:14:31 PM org.apache.catalina.tribes.io.BufferPool getBufferPool
INFO: Created a buffer pool with max size:104857600 bytes of type:org.apache.catalina.tribes.io.BufferPool15Impl
Oct 8, 2010 5:14:32 PM org.apache.catalina.tribes.membership.McastServiceImpl waitForMembers
INFO: Done sleeping, membership established, start level:8
Oct 8, 2010 5:14:32 PM org.apache.catalina.startup.HostConfig deployWAR
INFO: Deploying web application archive edsa.war
Oct 8, 2010 5:14:33 PM org.apache.catalina.core.StandardContext addApplicationListener
INFO: The listener "org.springframework.web.context.ContextLoaderListener" is already configured for this context. The duplicate definition has been ignored.
Oct 8, 2010 5:14:33 PM org.apache.catalina.ha.session.DeltaManager start
INFO: Register manager /edsa to cluster element Engine with name Catalina
Oct 8, 2010 5:14:33 PM org.apache.catalina.ha.session.DeltaManager start
INFO: Starting clustering manager at /edsa
Oct 8, 2010 5:14:33 PM org.apache.catalina.ha.session.DeltaManager getAllClusterSessions
WARNING: Manager [localhost#/edsa], requesting session state from org.apache.catalina.tribes.membership.MemberImpl[tcp://{-64, -88, 101, -122}:4000,{-64, -88, 101, -122},4000, alive=307875,id={111 41 -2 44 -102 86 78 -56 -99 92 -115 -20 49 23 122 20 }, payload={}, command={}, domain={}, ]. This operation will timeout if no session state has been received within 60 seconds.
Oct 8, 2010 5:14:33 PM org.apache.catalina.ha.session.DeltaManager waitForSendAllSessions
INFO: Manager [localhost#/edsa]; session state send at 10/8/10 5:14 PM received in 126 ms.
Oct 8, 2010 5:14:38 PM org.apache.cxf.endpoint.ServerImpl initDestination
INFO: Setting the server's publish address to be /
Oct 8, 2010 5:14:38 PM org.apache.cxf.transport.servlet.CXFServlet updateContext
INFO: Load the bus with application context
Oct 8, 2010 5:14:38 PM org.apache.cxf.transport.servlet.AbstractCXFServlet replaceDestinationFactory
INFO: Servlet transport factory already registered 
Oct 8, 2010 5:14:38 PM org.apache.catalina.ha.session.DeltaManager start
INFO: Register manager /cluster to cluster element Engine with name Catalina
Oct 8, 2010 5:14:38 PM org.apache.catalina.ha.session.DeltaManager start
INFO: Starting clustering manager at /cluster
Oct 8, 2010 5:14:38 PM org.apache.catalina.ha.session.DeltaManager getAllClusterSessions
WARNING: Manager [localhost#/cluster], requesting session state from org.apache.catalina.tribes.membership.MemberImpl[tcp://{-64, -88, 101, -122}:4000,{-64, -88, 101, -122},4000, alive=312888,id={111 41 -2 44 -102 86 78 -56 -99 92 -115 -20 49 23 122 20 }, payload={}, command={}, domain={}, ]. This operation will timeout if no session state has been received within 60 seconds.
Oct 8, 2010 5:14:38 PM org.apache.catalina.ha.session.DeltaManager waitForSendAllSessions
INFO: Manager [localhost#/cluster]; session state send at 10/8/10 5:14 PM received in 109 ms.
Oct 8, 2010 5:14:38 PM org.apache.catalina.ha.session.JvmRouteBinderValve start
INFO: JvmRouteBinderValve started
Oct 8, 2010 5:14:38 PM org.apache.coyote.http11.Http11Protocol start
INFO: Starting Coyote HTTP/1.1 on http-8081
Oct 8, 2010 5:14:38 PM org.apache.jk.common.ChannelSocket init
INFO: JK: ajp13 listening on /0.0.0.0:8109
Oct 8, 2010 5:14:38 PM org.apache.jk.server.JkMain start
INFO: Jk running ID=0 time=0/63  config=null
Oct 8, 2010 5:14:38 PM org.apache.catalina.startup.Catalina start
INFO: Server startup in 8207 ms
Oct 8, 2010 5:14:49 PM org.apache.catalina.tribes.group.interceptors.TcpFailureDetector memberDisappeared
INFO: Verification complete. Member disappeared[org.apache.catalina.tribes.membership.MemberImpl[tcp://{-64, -88, 101, -122}:4000,{-64, -88, 101, -122},4000, alive=323917,id={111 41 -2 44 -102 86 78 -56 -99 92 -115 -20 49 23 122 20 }, payload={}, command={66 65 66 89 45 65 76 69 88 ...(9)}, domain={}, ]]
Oct 8, 2010 5:14:49 PM org.apache.catalina.ha.tcp.SimpleTcpCluster memberDisappeared
INFO: Received member disappeared:org.apache.catalina.tribes.membership.MemberImpl[tcp://{-64, -88, 101, -122}:4000,{-64, -88, 101, -122},4000, alive=323917,id={111 41 -2 44 -102 86 78 -56 -99 92 -115 -20 49 23 122 20 }, payload={}, command={66 65 66 89 45 65 76 69 88 ...(9)}, domain={}, ]
Oct 8, 2010 5:14:58 PM org.apache.catalina.startup.HostConfig checkResources
INFO: Undeploying context [/edsa]
Oct 8, 2010 5:14:59 PM org.apache.catalina.ha.session.DeltaManager stop
INFO: Manager [localhost#/edsa] expiring sessions upon shutdown
Oct 8, 2010 5:16:05 PM org.apache.catalina.core.StandardService stop
INFO: Stopping service Catalina
Oct 8, 2010 5:16:05 PM org.apache.catalina.ha.session.JvmRouteBinderValve stop
INFO: JvmRouteBinderValve stopped
Oct 8, 2010 5:16:05 PM org.apache.catalina.ha.session.DeltaManager stop
INFO: Manager [localhost#/cluster] expiring sessions upon shutdown
Oct 8, 2010 5:16:05 PM org.apache.coyote.http11.Http11Protocol destroy
INFO: Stopping Coyote HTTP/1.1 on http-8081
Oct 8, 2010 5:16:26 PM org.apache.catalina.core.AprLifecycleListener init
INFO: The APR based Apache Tomcat Native library which allows optimal performance in production environments was not found on the java.library.path: C:\opensource\jdk1.6.0_14\bin;.;C:\WINDOWS\Sun\Java\bin;C:\WINDOWS\system32;C:\WINDOWS;C:\Program Files\Common Files\NetSarang;C:\WINDOWS\system32;C:\WINDOWS;C:\WINDOWS\System32\Wbem;C:\Program Files\Windows Imaging\;C:\opensource\apache-ant-1.7.0;C:\Program Files\TortoiseSVN\bin;C:\opensource\jdk1.6.0_14\bin;C:\Documents and Settings\amit.dixit\Desktop\tools
Oct 8, 2010 5:16:26 PM org.apache.coyote.http11.Http11Protocol init
INFO: Initializing Coyote HTTP/1.1 on http-8081
Oct 8, 2010 5:16:26 PM org.apache.catalina.startup.Catalina load
INFO: Initialization processed in 607 ms
Oct 8, 2010 5:16:26 PM org.apache.catalina.core.StandardService start
INFO: Starting service Catalina
Oct 8, 2010 5:16:26 PM org.apache.catalina.core.StandardEngine start
INFO: Starting Servlet Engine: Apache Tomcat/6.0.16
Oct 8, 2010 5:16:26 PM org.apache.catalina.ha.tcp.SimpleTcpCluster start
INFO: Cluster is about to start
Oct 8, 2010 5:16:26 PM org.apache.catalina.tribes.transport.ReceiverBase bind
INFO: Receiver Server Socket bound to:/192.168.101.134:4001
Oct 8, 2010 5:16:26 PM org.apache.catalina.tribes.membership.McastServiceImpl setupSocket
INFO: Setting cluster mcast soTimeout to 500
Oct 8, 2010 5:16:26 PM org.apache.catalina.tribes.membership.McastServiceImpl waitForMembers
INFO: Sleeping for 1000 milliseconds to establish cluster membership, start level:4
Oct 8, 2010 5:16:27 PM org.apache.catalina.ha.tcp.SimpleTcpCluster memberAdded
INFO: Replication member added:org.apache.catalina.tribes.membership.MemberImpl[tcp://{-64, -88, 101, -122}:4000,{-64, -88, 101, -122},4000, alive=2515,id={-14 59 -114 -114 19 67 79 -111 -72 93 7 -110 46 24 -105 110 }, payload={}, command={}, domain={}, ]
Oct 8, 2010 5:16:27 PM org.apache.catalina.tribes.membership.McastServiceImpl waitForMembers
INFO: Done sleeping, membership established, start level:4
Oct 8, 2010 5:16:27 PM org.apache.catalina.tribes.membership.McastServiceImpl waitForMembers
INFO: Sleeping for 1000 milliseconds to establish cluster membership, start level:8
Oct 8, 2010 5:16:28 PM org.apache.catalina.tribes.io.BufferPool getBufferPool
INFO: Created a buffer pool with max size:104857600 bytes of type:org.apache.catalina.tribes.io.BufferPool15Impl
Oct 8, 2010 5:16:28 PM org.apache.catalina.tribes.membership.McastServiceImpl waitForMembers
INFO: Done sleeping, membership established, start level:8
Oct 8, 2010 5:16:29 PM org.apache.catalina.ha.session.DeltaManager start
INFO: Register manager /cluster to cluster element Engine with name Catalina
Oct 8, 2010 5:16:29 PM org.apache.catalina.ha.session.DeltaManager start
INFO: Starting clustering manager at /cluster
Oct 8, 2010 5:16:29 PM org.apache.catalina.ha.session.DeltaManager getAllClusterSessions
WARNING: Manager [localhost#/cluster], requesting session state from org.apache.catalina.tribes.membership.MemberImpl[tcp://{-64, -88, 101, -122}:4000,{-64, -88, 101, -122},4000, alive=4514,id={-14 59 -114 -114 19 67 79 -111 -72 93 7 -110 46 24 -105 110 }, payload={}, command={}, domain={}, ]. This operation will timeout if no session state has been received within 60 seconds.
Oct 8, 2010 5:16:29 PM org.apache.catalina.ha.session.DeltaManager waitForSendAllSessions
INFO: Manager [localhost#/cluster]; session state send at 10/8/10 5:16 PM received in 125 ms.
Oct 8, 2010 5:16:29 PM org.apache.catalina.core.StandardContext addApplicationListener
INFO: The listener "org.springframework.web.context.ContextLoaderListener" is already configured for this context. The duplicate definition has been ignored.
Oct 8, 2010 5:16:30 PM org.apache.catalina.ha.session.DeltaManager start
INFO: Register manager /edsa to cluster element Engine with name Catalina
Oct 8, 2010 5:16:30 PM org.apache.catalina.ha.session.DeltaManager start
INFO: Starting clustering manager at /edsa
Oct 8, 2010 5:16:30 PM org.apache.catalina.ha.session.DeltaManager getAllClusterSessions
WARNING: Manager [localhost#/edsa], requesting session state from org.apache.catalina.tribes.membership.MemberImpl[tcp://{-64, -88, 101, -122}:4000,{-64, -88, 101, -122},4000, alive=5529,id={-14 59 -114 -114 19 67 79 -111 -72 93 7 -110 46 24 -105 110 }, payload={}, command={}, domain={}, ]. This operation will timeout if no session state has been received within 60 seconds.
Oct 8, 2010 5:16:30 PM org.apache.catalina.ha.session.DeltaManager waitForSendAllSessions
INFO: Manager [localhost#/edsa]; session state send at 10/8/10 5:16 PM received in 93 ms.
Oct 8, 2010 5:16:35 PM org.apache.cxf.endpoint.ServerImpl initDestination
INFO: Setting the server's publish address to be /
Oct 8, 2010 5:16:35 PM org.apache.cxf.transport.servlet.CXFServlet updateContext
INFO: Load the bus with application context
Oct 8, 2010 5:16:35 PM org.apache.cxf.transport.servlet.AbstractCXFServlet replaceDestinationFactory
INFO: Servlet transport factory already registered 
Oct 8, 2010 5:16:35 PM org.apache.catalina.ha.session.JvmRouteBinderValve start
INFO: JvmRouteBinderValve started
Oct 8, 2010 5:16:35 PM org.apache.coyote.http11.Http11Protocol start
INFO: Starting Coyote HTTP/1.1 on http-8081
Oct 8, 2010 5:16:35 PM org.apache.jk.common.ChannelSocket init
INFO: JK: ajp13 listening on /0.0.0.0:8109
Oct 8, 2010 5:16:35 PM org.apache.jk.server.JkMain start
INFO: Jk running ID=0 time=0/31  config=null
Oct 8, 2010 5:16:35 PM org.apache.catalina.startup.Catalina start
INFO: Server startup in 8946 ms
Oct 8, 2010 5:17:44 PM org.apache.catalina.core.StandardService stop
INFO: Stopping service Catalina
Oct 8, 2010 5:17:44 PM org.apache.catalina.ha.session.JvmRouteBinderValve stop
INFO: JvmRouteBinderValve stopped
Oct 8, 2010 5:17:44 PM org.apache.catalina.ha.session.DeltaManager stop
INFO: Manager [localhost#/edsa] expiring sessions upon shutdown
Oct 8, 2010 5:17:45 PM org.apache.catalina.ha.session.DeltaManager stop
INFO: Manager [localhost#/cluster] expiring sessions upon shutdown
Oct 8, 2010 5:17:45 PM org.apache.coyote.http11.Http11Protocol destroy
INFO: Stopping Coyote HTTP/1.1 on http-8081
