Feb 6, 2010 12:02:29 AM org.apache.catalina.core.AprLifecycleListener init
INFO: The APR based Apache Tomcat Native library which allows optimal performance in production environments was not found on the java.library.path: C:\Java\jdk1.6.0_02\bin;.;C:\WINDOWS\Sun\Java\bin;C:\WINDOWS\system32;C:\WINDOWS;C:\Java\jdk1.6.0_02\bin;D:\oracle\product\10.2.0\db_1\bin;C:\WINDOWS\system32;C:\WINDOWS;C:\WINDOWS\System32\Wbem;C:\Program Files\Windows Imaging\;C:\Program Files\MySQL\MySQL Server 5.1\bin;C:\apache-ant-1.6.5\bin
Feb 6, 2010 12:02:30 AM org.apache.coyote.http11.Http11Protocol init
INFO: Initializing Coyote HTTP/1.1 on http-8081
Feb 6, 2010 12:02:30 AM org.apache.catalina.startup.Catalina load
INFO: Initialization processed in 863 ms
Feb 6, 2010 12:02:30 AM org.apache.catalina.core.StandardService start
INFO: Starting service Catalina
Feb 6, 2010 12:02:30 AM org.apache.catalina.core.StandardEngine start
INFO: Starting Servlet Engine: Apache Tomcat/6.0.16
Feb 6, 2010 12:02:30 AM org.apache.catalina.ha.tcp.SimpleTcpCluster start
INFO: Cluster is about to start
Feb 6, 2010 12:02:30 AM org.apache.catalina.tribes.transport.ReceiverBase bind
INFO: Receiver Server Socket bound to:/172.17.32.2:4000
Feb 6, 2010 12:02:30 AM org.apache.catalina.tribes.membership.McastServiceImpl setupSocket
INFO: Setting cluster mcast soTimeout to 500
Feb 6, 2010 12:02:30 AM org.apache.catalina.tribes.membership.McastServiceImpl waitForMembers
INFO: Sleeping for 1000 milliseconds to establish cluster membership, start level:4
Feb 6, 2010 12:02:31 AM org.apache.catalina.tribes.membership.McastServiceImpl waitForMembers
INFO: Done sleeping, membership established, start level:4
Feb 6, 2010 12:02:31 AM org.apache.catalina.tribes.membership.McastServiceImpl waitForMembers
INFO: Sleeping for 1000 milliseconds to establish cluster membership, start level:8
Feb 6, 2010 12:02:32 AM org.apache.catalina.tribes.membership.McastServiceImpl waitForMembers
INFO: Done sleeping, membership established, start level:8
Feb 6, 2010 12:02:33 AM org.apache.catalina.ha.session.DeltaManager start
INFO: Register manager /cluster to cluster element Engine with name Catalina
Feb 6, 2010 12:02:33 AM org.apache.catalina.ha.session.DeltaManager start
INFO: Starting clustering manager at /cluster
Feb 6, 2010 12:02:33 AM org.apache.catalina.ha.session.DeltaManager getAllClusterSessions
INFO: Manager [localhost#/cluster]: skipping state transfer. No members active in cluster group.
Feb 6, 2010 12:02:33 AM org.apache.catalina.ha.session.JvmRouteBinderValve start
INFO: JvmRouteBinderValve started
Feb 6, 2010 12:02:33 AM org.apache.coyote.http11.Http11Protocol start
INFO: Starting Coyote HTTP/1.1 on http-8081
Feb 6, 2010 12:02:33 AM org.apache.jk.common.ChannelSocket init
INFO: JK: ajp13 listening on /0.0.0.0:8109
Feb 6, 2010 12:02:33 AM org.apache.jk.server.JkMain start
INFO: Jk running ID=0 time=0/31  config=null
Feb 6, 2010 12:02:33 AM org.apache.catalina.startup.Catalina start
INFO: Server startup in 3509 ms
Feb 6, 2010 12:06:31 AM org.apache.catalina.tribes.io.BufferPool getBufferPool
INFO: Created a buffer pool with max size:104857600 bytes of type:org.apache.catalina.tribes.io.BufferPool15Impl
Feb 6, 2010 12:06:31 AM org.apache.catalina.ha.tcp.SimpleTcpCluster memberAdded
INFO: Replication member added:org.apache.catalina.tribes.membership.MemberImpl[tcp://{-84, 17, 32, 2}:4001,{-84, 17, 32, 2},4001, alive=1018,id={60 -14 -10 -59 73 111 77 -55 -102 -101 12 -5 116 123 20 -34 }, payload={}, command={}, domain={}, ]
Feb 6, 2010 12:07:56 AM org.apache.catalina.ha.tcp.SimpleTcpCluster memberAdded
INFO: Replication member added:org.apache.catalina.tribes.membership.MemberImpl[tcp://{-84, 17, 32, 2}:4002,{-84, 17, 32, 2},4002, alive=1018,id={-22 29 16 102 -111 -61 76 -127 -89 124 -103 -58 -55 43 -69 92 }, payload={}, command={}, domain={}, ]
Feb 6, 2010 12:14:09 AM org.apache.coyote.http11.Http11Protocol pause
INFO: Pausing Coyote HTTP/1.1 on http-8081
Feb 6, 2010 12:14:10 AM org.apache.catalina.core.StandardService stop
INFO: Stopping service Catalina
Feb 6, 2010 12:14:10 AM org.apache.catalina.ha.session.JvmRouteBinderValve stop
INFO: JvmRouteBinderValve stopped
Feb 6, 2010 12:14:10 AM org.apache.catalina.ha.session.DeltaManager stop
INFO: Manager [localhost#/cluster] expiring sessions upon shutdown
Feb 6, 2010 12:14:10 AM org.apache.coyote.http11.Http11Protocol destroy
INFO: Stopping Coyote HTTP/1.1 on http-8081
